# JRE version: Java(TM) SE Runtime Environment (8.0_171-b11) (build 1.8.0_171-b11)
# Java VM: Java HotSpot(TM) 64-Bit Server VM (25.171-b11 mixed mode windows-amd64 compressed oops)
Heap:
 PSYoungGen      total 140800K, used 15214K [0x000000076b700000, 0x0000000774b00000, 0x00000007c0000000)
  eden space 130048K, 3% used [0x000000076b700000,0x000000076bb5dfa8,0x0000000773600000)
  from space 10752K, 99% used [0x0000000773600000,0x000000077407dad0,0x0000000774080000)
  to   space 10752K, 0% used [0x0000000774080000,0x0000000774080000,0x0000000774b00000)
 ParOldGen       total 142336K, used 40445K [0x00000006c2400000, 0x00000006caf00000, 0x000000076b700000)
  object space 142336K, 28% used [0x00000006c2400000,0x00000006c4b7f518,0x00000006caf00000)
 Metaspace       used 24581K, capacity 25240K, committed 25472K, reserved 1071104K
  class space    used 2853K, capacity 3075K, committed 3200K, reserved 1048576K
GC Heap History (10 events):
Event: 8.892 GC heap before
{Heap before GC invocations=2 (full 0):
 PSYoungGen      total 75776K, used 75314K [0x000000076b700000, 0x0000000774b00000, 0x00000007c0000000)
  eden space 65024K, 100% used [0x000000076b700000,0x000000076f680000,0x000000076f680000)
  from space 10752K, 95% used [0x000000076f680000,0x000000077008cbf8,0x0000000770100000)
  to   space 10752K, 0% used [0x0000000774080000,0x0000000774080000,0x0000000774b00000)
 ParOldGen       total 173568K, used 0K [0x00000006c2400000, 0x00000006ccd80000, 0x000000076b700000)
  object space 173568K, 0% used [0x00000006c2400000,0x00000006c2400000,0x00000006ccd80000)
 Metaspace       used 15096K, capacity 15304K, committed 15488K, reserved 1062912K
  class space    used 1824K, capacity 1908K, committed 1920K, reserved 1048576K
Event: 8.914 GC heap after
Heap after GC invocations=2 (full 0):
 PSYoungGen      total 140800K, used 10720K [0x000000076b700000, 0x0000000774b00000, 0x00000007c0000000)
  eden space 130048K, 0% used [0x000000076b700000,0x000000076b700000,0x0000000773600000)
  from space 10752K, 99% used [0x0000000774080000,0x0000000774af8020,0x0000000774b00000)
  to   space 10752K, 0% used [0x0000000773600000,0x0000000773600000,0x0000000774080000)
 ParOldGen       total 173568K, used 1466K [0x00000006c2400000, 0x00000006ccd80000, 0x000000076b700000)
  object space 173568K, 0% used [0x00000006c2400000,0x00000006c256eb18,0x00000006ccd80000)
 Metaspace       used 15096K, capacity 15304K, committed 15488K, reserved 1062912K
  class space    used 1824K, capacity 1908K, committed 1920K, reserved 1048576K
}
Event: 13.137 GC heap before
{Heap before GC invocations=3 (full 0):
 PSYoungGen      total 140800K, used 140768K [0x000000076b700000, 0x0000000774b00000, 0x00000007c0000000)
  eden space 130048K, 100% used [0x000000076b700000,0x0000000773600000,0x0000000773600000)
  from space 10752K, 99% used [0x0000000774080000,0x0000000774af8020,0x0000000774b00000)
  to   space 10752K, 0% used [0x0000000773600000,0x0000000773600000,0x0000000774080000)
 ParOldGen       total 173568K, used 1466K [0x00000006c2400000, 0x00000006ccd80000, 0x000000076b700000)
  object space 173568K, 0% used [0x00000006c2400000,0x00000006c256eb18,0x00000006ccd80000)
 Metaspace       used 15931K, capacity 16152K, committed 16384K, reserved 1062912K
  class space    used 1865K, capacity 1948K, committed 2048K, reserved 1048576K
Event: 13.212 GC heap after
Heap after GC invocations=3 (full 0):
 PSYoungGen      total 140800K, used 10720K [0x000000076b700000, 0x0000000774b00000, 0x00000007c0000000)
  eden space 130048K, 0% used [0x000000076b700000,0x000000076b700000,0x0000000773600000)
  from space 10752K, 99% used [0x0000000773600000,0x0000000774078020,0x0000000774080000)
  to   space 10752K, 0% used [0x0000000774080000,0x0000000774080000,0x0000000774b00000)
 ParOldGen       total 173568K, used 14522K [0x00000006c2400000, 0x00000006ccd80000, 0x000000076b700000)
  object space 173568K, 8% used [0x00000006c2400000,0x00000006c322e960,0x00000006ccd80000)
 Metaspace       used 15931K, capacity 16152K, committed 16384K, reserved 1062912K
  class space    used 1865K, capacity 1948K, committed 2048K, reserved 1048576K
}
Event: 19.375 GC heap before
{Heap before GC invocations=4 (full 0):
 PSYoungGen      total 140800K, used 87641K [0x000000076b700000, 0x0000000774b00000, 0x00000007c0000000)
  eden space 130048K, 59% used [0x000000076b700000,0x000000077021e3e8,0x0000000773600000)
  from space 10752K, 99% used [0x0000000773600000,0x0000000774078020,0x0000000774080000)
  to   space 10752K, 0% used [0x0000000774080000,0x0000000774080000,0x0000000774b00000)
 ParOldGen       total 173568K, used 14522K [0x00000006c2400000, 0x00000006ccd80000, 0x000000076b700000)
  object space 173568K, 8% used [0x00000006c2400000,0x00000006c322e960,0x00000006ccd80000)
 Metaspace       used 20647K, capacity 21146K, committed 21296K, reserved 1069056K
  class space    used 2469K, capacity 2655K, committed 2688K, reserved 1048576K
Event: 19.476 GC heap after
Heap after GC invocations=4 (full 0):
 PSYoungGen      total 140800K, used 10736K [0x000000076b700000, 0x0000000774b00000, 0x00000007c0000000)
  eden space 130048K, 0% used [0x000000076b700000,0x000000076b700000,0x0000000773600000)
  from space 10752K, 99% used [0x0000000774080000,0x0000000774afc030,0x0000000774b00000)
  to   space 10752K, 0% used [0x0000000773600000,0x0000000773600000,0x0000000774080000)
 ParOldGen       total 173568K, used 20658K [0x00000006c2400000, 0x00000006ccd80000, 0x000000076b700000)
  object space 173568K, 11% used [0x00000006c2400000,0x00000006c382ca80,0x00000006ccd80000)
 Metaspace       used 20647K, capacity 21146K, committed 21296K, reserved 1069056K
  class space    used 2469K, capacity 2655K, committed 2688K, reserved 1048576K
}
Event: 19.476 GC heap before
{Heap before GC invocations=5 (full 1):
 PSYoungGen      total 140800K, used 10736K [0x000000076b700000, 0x0000000774b00000, 0x00000007c0000000)
  eden space 130048K, 0% used [0x000000076b700000,0x000000076b700000,0x0000000773600000)
  from space 10752K, 99% used [0x0000000774080000,0x0000000774afc030,0x0000000774b00000)
  to   space 10752K, 0% used [0x0000000773600000,0x0000000773600000,0x0000000774080000)
 ParOldGen       total 173568K, used 20658K [0x00000006c2400000, 0x00000006ccd80000, 0x000000076b700000)
  object space 173568K, 11% used [0x00000006c2400000,0x00000006c382ca80,0x00000006ccd80000)
 Metaspace       used 20647K, capacity 21146K, committed 21296K, reserved 1069056K
  class space    used 2469K, capacity 2655K, committed 2688K, reserved 1048576K
Event: 19.840 GC heap after
Heap after GC invocations=5 (full 1):
 PSYoungGen      total 140800K, used 0K [0x000000076b700000, 0x0000000774b00000, 0x00000007c0000000)
  eden space 130048K, 0% used [0x000000076b700000,0x000000076b700000,0x0000000773600000)
  from space 10752K, 0% used [0x0000000774080000,0x0000000774080000,0x0000000774b00000)
  to   space 10752K, 0% used [0x0000000773600000,0x0000000773600000,0x0000000774080000)
 ParOldGen       total 142336K, used 28080K [0x00000006c2400000, 0x00000006caf00000, 0x000000076b700000)
  object space 142336K, 19% used [0x00000006c2400000,0x00000006c3f6c2c8,0x00000006caf00000)
 Metaspace       used 20647K, capacity 21146K, committed 21296K, reserved 1069056K
  class space    used 2469K, capacity 2655K, committed 2688K, reserved 1048576K
}
Event: 25.140 GC heap before
{Heap before GC invocations=6 (full 1):
 PSYoungGen      total 140800K, used 130048K [0x000000076b700000, 0x0000000774b00000, 0x00000007c0000000)
  eden space 130048K, 100% used [0x000000076b700000,0x0000000773600000,0x0000000773600000)
  from space 10752K, 0% used [0x0000000774080000,0x0000000774080000,0x0000000774b00000)
  to   space 10752K, 0% used [0x0000000773600000,0x0000000773600000,0x0000000774080000)
 ParOldGen       total 142336K, used 28080K [0x00000006c2400000, 0x00000006caf00000, 0x000000076b700000)
  object space 142336K, 19% used [0x00000006c2400000,0x00000006c3f6c2c8,0x00000006caf00000)
 Metaspace       used 24518K, capacity 25240K, committed 25472K, reserved 1071104K
  class space    used 2850K, capacity 3075K, committed 3200K, reserved 1048576K
Event: 25.191 GC heap after
Heap after GC invocations=6 (full 1):
 PSYoungGen      total 140800K, used 10742K [0x000000076b700000, 0x0000000774b00000, 0x00000007c0000000)
  eden space 130048K, 0% used [0x000000076b700000,0x000000076b700000,0x0000000773600000)
  from space 10752K, 99% used [0x0000000773600000,0x000000077407dad0,0x0000000774080000)
  to   space 10752K, 0% used [0x0000000774080000,0x0000000774080000,0x0000000774b00000)
 ParOldGen       total 142336K, used 40445K [0x00000006c2400000, 0x00000006caf00000, 0x000000076b700000)
  object space 142336K, 28% used [0x00000006c2400000,0x00000006c4b7f518,0x00000006caf00000)
 Metaspace       used 24518K, capacity 25240K, committed 25472K, reserved 1071104K
  class space    used 2850K, capacity 3075K, committed 3200K, reserved 1048576K
}

