# JRE version: Java(TM) SE Runtime Environment (8.0_171-b11) (build 1.8.0_171-b11)
# Java VM: Java HotSpot(TM) 64-Bit Server VM (25.171-b11 mixed mode windows-amd64 compressed oops)
Heap:
 PSYoungGen      total 132608K, used 40153K [0x000000076b700000, 0x0000000778300000, 0x00000007c0000000)
  eden space 119296K, 28% used [0x000000076b700000,0x000000076d80fb80,0x0000000772b80000)
  from space 13312K, 47% used [0x0000000772b80000,0x00000007731a6be8,0x0000000773880000)
  to   space 13312K, 0% used [0x0000000777600000,0x0000000777600000,0x0000000778300000)
 ParOldGen       total 174592K, used 15303K [0x00000006c2400000, 0x00000006cce80000, 0x000000076b700000)
  object space 174592K, 8% used [0x00000006c2400000,0x00000006c32f1dc0,0x00000006cce80000)
 Metaspace       used 37187K, capacity 39060K, committed 39256K, reserved 1083392K
  class space    used 4865K, capacity 5219K, committed 5248K, reserved 1048576K
GC Heap History (10 events):
Event: 16.241 GC heap before
{Heap before GC invocations=5 (full 1):
 PSYoungGen      total 75776K, used 71992K [0x000000076b700000, 0x0000000771f00000, 0x00000007c0000000)
  eden space 65024K, 100% used [0x000000076b700000,0x000000076f680000,0x000000076f680000)
  from space 10752K, 64% used [0x000000076f680000,0x000000076fd4e208,0x0000000770100000)
  to   space 10752K, 0% used [0x0000000771480000,0x0000000771480000,0x0000000771f00000)
 ParOldGen       total 119808K, used 10007K [0x00000006c2400000, 0x00000006c9900000, 0x000000076b700000)
  object space 119808K, 8% used [0x00000006c2400000,0x00000006c2dc5ce8,0x00000006c9900000)
 Metaspace       used 29392K, capacity 30344K, committed 30464K, reserved 1075200K
  class space    used 3797K, capacity 4021K, committed 4096K, reserved 1048576K
Event: 16.258 GC heap after
Heap after GC invocations=5 (full 1):
 PSYoungGen      total 95744K, used 8418K [0x000000076b700000, 0x0000000772000000, 0x00000007c0000000)
  eden space 84992K, 0% used [0x000000076b700000,0x000000076b700000,0x0000000770a00000)
  from space 10752K, 78% used [0x0000000771480000,0x0000000771cb89c8,0x0000000771f00000)
  to   space 10752K, 0% used [0x0000000770a00000,0x0000000770a00000,0x0000000771480000)
 ParOldGen       total 119808K, used 10015K [0x00000006c2400000, 0x00000006c9900000, 0x000000076b700000)
  object space 119808K, 8% used [0x00000006c2400000,0x00000006c2dc7ce8,0x00000006c9900000)
 Metaspace       used 29392K, capacity 30344K, committed 30464K, reserved 1075200K
  class space    used 3797K, capacity 4021K, committed 4096K, reserved 1048576K
}
Event: 19.248 GC heap before
{Heap before GC invocations=6 (full 1):
 PSYoungGen      total 95744K, used 93410K [0x000000076b700000, 0x0000000772000000, 0x00000007c0000000)
  eden space 84992K, 100% used [0x000000076b700000,0x0000000770a00000,0x0000000770a00000)
  from space 10752K, 78% used [0x0000000771480000,0x0000000771cb89c8,0x0000000771f00000)
  to   space 10752K, 0% used [0x0000000770a00000,0x0000000770a00000,0x0000000771480000)
 ParOldGen       total 119808K, used 10015K [0x00000006c2400000, 0x00000006c9900000, 0x000000076b700000)
  object space 119808K, 8% used [0x00000006c2400000,0x00000006c2dc7ce8,0x00000006c9900000)
 Metaspace       used 33407K, capacity 34856K, committed 35200K, reserved 1079296K
  class space    used 4328K, capacity 4623K, committed 4736K, reserved 1048576K
Event: 19.290 GC heap after
Heap after GC invocations=6 (full 1):
 PSYoungGen      total 95744K, used 10720K [0x000000076b700000, 0x0000000774500000, 0x00000007c0000000)
  eden space 84992K, 0% used [0x000000076b700000,0x000000076b700000,0x0000000770a00000)
  from space 10752K, 99% used [0x0000000770a00000,0x00000007714781c0,0x0000000771480000)
  to   space 12800K, 0% used [0x0000000773880000,0x0000000773880000,0x0000000774500000)
 ParOldGen       total 119808K, used 11396K [0x00000006c2400000, 0x00000006c9900000, 0x000000076b700000)
  object space 119808K, 9% used [0x00000006c2400000,0x00000006c2f21358,0x00000006c9900000)
 Metaspace       used 33407K, capacity 34856K, committed 35200K, reserved 1079296K
  class space    used 4328K, capacity 4623K, committed 4736K, reserved 1048576K
}
Event: 19.845 GC heap before
{Heap before GC invocations=7 (full 1):
 PSYoungGen      total 95744K, used 43510K [0x000000076b700000, 0x0000000774500000, 0x00000007c0000000)
  eden space 84992K, 38% used [0x000000076b700000,0x000000076d7058f0,0x0000000770a00000)
  from space 10752K, 99% used [0x0000000770a00000,0x00000007714781c0,0x0000000771480000)
  to   space 12800K, 0% used [0x0000000773880000,0x0000000773880000,0x0000000774500000)
 ParOldGen       total 119808K, used 11396K [0x00000006c2400000, 0x00000006c9900000, 0x000000076b700000)
  object space 119808K, 9% used [0x00000006c2400000,0x00000006c2f21358,0x00000006c9900000)
 Metaspace       used 33925K, capacity 35306K, committed 35416K, reserved 1079296K
  class space    used 4391K, capacity 4674K, committed 4736K, reserved 1048576K
Event: 19.864 GC heap after
Heap after GC invocations=7 (full 1):
 PSYoungGen      total 132096K, used 11072K [0x000000076b700000, 0x0000000775300000, 0x00000007c0000000)
  eden space 119296K, 0% used [0x000000076b700000,0x000000076b700000,0x0000000772b80000)
  from space 12800K, 86% used [0x0000000773880000,0x0000000774350020,0x0000000774500000)
  to   space 13312K, 0% used [0x0000000772b80000,0x0000000772b80000,0x0000000773880000)
 ParOldGen       total 119808K, used 11396K [0x00000006c2400000, 0x00000006c9900000, 0x000000076b700000)
  object space 119808K, 9% used [0x00000006c2400000,0x00000006c2f21358,0x00000006c9900000)
 Metaspace       used 33925K, capacity 35306K, committed 35416K, reserved 1079296K
  class space    used 4391K, capacity 4674K, committed 4736K, reserved 1048576K
}
Event: 19.864 GC heap before
{Heap before GC invocations=8 (full 2):
 PSYoungGen      total 132096K, used 11072K [0x000000076b700000, 0x0000000775300000, 0x00000007c0000000)
  eden space 119296K, 0% used [0x000000076b700000,0x000000076b700000,0x0000000772b80000)
  from space 12800K, 86% used [0x0000000773880000,0x0000000774350020,0x0000000774500000)
  to   space 13312K, 0% used [0x0000000772b80000,0x0000000772b80000,0x0000000773880000)
 ParOldGen       total 119808K, used 11396K [0x00000006c2400000, 0x00000006c9900000, 0x000000076b700000)
  object space 119808K, 9% used [0x00000006c2400000,0x00000006c2f21358,0x00000006c9900000)
 Metaspace       used 33925K, capacity 35306K, committed 35416K, reserved 1079296K
  class space    used 4391K, capacity 4674K, committed 4736K, reserved 1048576K
Event: 19.989 GC heap after
Heap after GC invocations=8 (full 2):
 PSYoungGen      total 132096K, used 0K [0x000000076b700000, 0x0000000775300000, 0x00000007c0000000)
  eden space 119296K, 0% used [0x000000076b700000,0x000000076b700000,0x0000000772b80000)
  from space 12800K, 0% used [0x0000000773880000,0x0000000773880000,0x0000000774500000)
  to   space 13312K, 0% used [0x0000000772b80000,0x0000000772b80000,0x0000000773880000)
 ParOldGen       total 174592K, used 15295K [0x00000006c2400000, 0x00000006cce80000, 0x000000076b700000)
  object space 174592K, 8% used [0x00000006c2400000,0x00000006c32efdc0,0x00000006cce80000)
 Metaspace       used 33925K, capacity 35306K, committed 35416K, reserved 1079296K
  class space    used 4391K, capacity 4674K, committed 4736K, reserved 1048576K
}
Event: 22.580 GC heap before
{Heap before GC invocations=9 (full 2):
 PSYoungGen      total 132096K, used 119296K [0x000000076b700000, 0x0000000775300000, 0x00000007c0000000)
  eden space 119296K, 100% used [0x000000076b700000,0x0000000772b80000,0x0000000772b80000)
  from space 12800K, 0% used [0x0000000773880000,0x0000000773880000,0x0000000774500000)
  to   space 13312K, 0% used [0x0000000772b80000,0x0000000772b80000,0x0000000773880000)
 ParOldGen       total 174592K, used 15295K [0x00000006c2400000, 0x00000006cce80000, 0x000000076b700000)
  object space 174592K, 8% used [0x00000006c2400000,0x00000006c32efdc0,0x00000006cce80000)
 Metaspace       used 36415K, capacity 38162K, committed 38360K, reserved 1083392K
  class space    used 4744K, capacity 5072K, committed 5120K, reserved 1048576K
Event: 22.598 GC heap after
Heap after GC invocations=9 (full 2):
 PSYoungGen      total 132608K, used 6298K [0x000000076b700000, 0x0000000778300000, 0x00000007c0000000)
  eden space 119296K, 0% used [0x000000076b700000,0x000000076b700000,0x0000000772b80000)
  from space 13312K, 47% used [0x0000000772b80000,0x00000007731a6be8,0x0000000773880000)
  to   space 13312K, 0% used [0x0000000777600000,0x0000000777600000,0x0000000778300000)
 ParOldGen       total 174592K, used 15303K [0x00000006c2400000, 0x00000006cce80000, 0x000000076b700000)
  object space 174592K, 8% used [0x00000006c2400000,0x00000006c32f1dc0,0x00000006cce80000)
 Metaspace       used 36415K, capacity 38162K, committed 38360K, reserved 1083392K
  class space    used 4744K, capacity 5072K, committed 5120K, reserved 1048576K
}

